#
# A fatal error has been detected by the Java Runtime Environment:
#
#  EXCEPTION_ACCESS_VIOLATION (0xc0000005) at pc=0x00000000520f9580, pid=8112, tid=0x0000000000001e80
#
# JRE version: Java(TM) SE Runtime Environment (8.0_144-b01) (build 1.8.0_144-b01)
# Java VM: Java HotSpot(TM) 64-Bit Server VM (25.144-b01 mixed mode windows-amd64 compressed oops)
# Problematic frame:
# V  [jvm.dll+0x69580]
#
# Failed to write core dump. Minidumps are not enabled by default on client versions of Windows
#
# If you would like to submit a bug report, please visit:
#   http://bugreport.java.com/bugreport/crash.jsp
#

---------------  T H R E A D  ---------------

Current thread (0x0000000013a79000):  VMThread [stack: 0x0000000015750000,0x0000000015850000] [id=7808]

siginfo: ExceptionCode=0xc0000005, reading address 0x0000000000000040

Registers:
RAX=0x0000000000000040, RBX=0x000000000301ec90, RCX=0x0000000000000000, RDX=0x00000000171d5040
RSP=0x000000001584f8e8, RBP=0x0000000013905400, RSI=0x00000000522e8110, RDI=0x000000010008da58
R8 =0x00000000000d5245, R9 =0x0000000001000000, R10=0x0000000000000000, R11=0x000000001584f8e8
R12=0x00000000139057d8, R13=0x00000000000003d8, R14=0x0000000013905400, R15=0x00000000139057d8
RIP=0x00000000520f9580, EFLAGS=0x0000000000010202

Top of Stack: (sp=0x000000001584f8e8)
0x000000001584f8e8:   00000000522e7d4f 0000000013a79000
0x000000001584f8f8:   0000000000000000 0000000100060028
0x000000001584f908:   0000000100060028 0000000003186080
0x000000001584f918:   00000000522e8129 000000010008da58
0x000000001584f928:   00000000522e8110 00000000139057d8
0x000000001584f938:   000000000301ec90 000000000301ecc0
0x000000001584f948:   00000000520f25c5 0000000000000003
0x000000001584f958:   0000000000000000 00000000139057d8
0x000000001584f968:   000000000301ec90 000000000301ec90
0x000000001584f978:   00000000522e8285 000000000301ecc0
0x000000001584f988:   00000000139053f0 00000000139053f0
0x000000001584f998:   00000000000003d8 00000000526bf8a8
0x000000001584f9a8:   000000000301ec90 0000000000000000
0x000000001584f9b8:   0000000000000000 0000000000000048
0x000000001584f9c8:   00007ffa00000001 0000000000000000
0x000000001584f9d8:   00000000522cf923 0000000000000000 

Instructions: (pc=0x00000000520f9580)
0x00000000520f9560:   04 08 c3 cc cc cc cc cc cc cc cc cc cc cc cc cc
0x00000000520f9570:   80 3d 69 4f 7a 00 00 48 63 05 3a af 78 00 74 1e
0x00000000520f9580:   8b 14 08 85 d2 75 03 33 c0 c3 8b 0d 08 82 73 00
0x00000000520f9590:   48 8b c2 48 d3 e0 48 03 05 f3 81 73 00 c3 48 8b 


Register to memory mapping:

RAX=0x0000000000000040 is an unknown value
RBX=0x000000000301ec90 is pointing into the stack for thread: 0x0000000003184800
RCX=0x0000000000000000 is an unknown value
RDX=0x00000000171d5040 is an unknown value
RSP=0x000000001584f8e8 is an unknown value
RBP=0x0000000013905400 is an unknown value
RSI=0x00000000522e8110 is an unknown value
RDI=0x000000010008da58 is pointing into metadata
R8 =0x00000000000d5245 is an unknown value
R9 =0x0000000001000000 is an unknown value
R10=0x0000000000000000 is an unknown value
R11=0x000000001584f8e8 is an unknown value
R12=0x00000000139057d8 is an unknown value
R13=0x00000000000003d8 is an unknown value
R14=0x0000000013905400 is an unknown value
R15=0x00000000139057d8 is an unknown value


Stack: [0x0000000015750000,0x0000000015850000],  sp=0x000000001584f8e8,  free space=1022k
Native frames: (J=compiled Java code, j=interpreted, Vv=VM code, C=native code)
V  [jvm.dll+0x69580]

VM_Operation (0x000000000301ecc0): HeapDumper, mode: safepoint, requested by thread 0x0000000003184800


---------------  P R O C E S S  ---------------

Java Threads: ( => current thread )
  0x0000000016934000 JavaThread "pool-1-thread-2" [_thread_blocked, id=9460, stack(0x00000000170d0000,0x00000000171d0000)]
  0x0000000016933000 JavaThread "pool-1-thread-1" [_thread_blocked, id=13204, stack(0x0000000016fd0000,0x00000000170d0000)]
  0x0000000015d02800 JavaThread "Service Thread" daemon [_thread_blocked, id=7816, stack(0x00000000165d0000,0x00000000166d0000)]
  0x0000000015c5e000 JavaThread "C1 CompilerThread3" daemon [_thread_blocked, id=12796, stack(0x00000000164d0000,0x00000000165d0000)]
  0x0000000015c5b000 JavaThread "C2 CompilerThread2" daemon [_thread_blocked, id=6872, stack(0x00000000163d0000,0x00000000164d0000)]
  0x0000000015c54000 JavaThread "C2 CompilerThread1" daemon [_thread_blocked, id=4804, stack(0x00000000162d0000,0x00000000163d0000)]
  0x0000000015c53000 JavaThread "C2 CompilerThread0" daemon [_thread_blocked, id=3920, stack(0x00000000161d0000,0x00000000162d0000)]
  0x0000000015c1e000 JavaThread "Monitor Ctrl-Break" daemon [_thread_in_native, id=5104, stack(0x00000000160d0000,0x00000000161d0000)]
  0x00000000159e1000 JavaThread "Attach Listener" daemon [_thread_blocked, id=4712, stack(0x0000000015fc0000,0x00000000160c0000)]
  0x00000000159e0000 JavaThread "Signal Dispatcher" daemon [_thread_blocked, id=7772, stack(0x0000000015ec0000,0x0000000015fc0000)]
  0x0000000015970800 JavaThread "Finalizer" daemon [_thread_blocked, id=5108, stack(0x0000000015d50000,0x0000000015e50000)]
  0x0000000013a7d000 JavaThread "Reference Handler" daemon [_thread_blocked, id=4000, stack(0x0000000015850000,0x0000000015950000)]
  0x0000000003184800 JavaThread "main" [_thread_blocked, id=2812, stack(0x0000000002f20000,0x0000000003020000)]

Other Threads:
=>0x0000000013a79000 VMThread [stack: 0x0000000015750000,0x0000000015850000] [id=7808]
  0x000000001673c800 WatcherThread [stack: 0x0000000016ed0000,0x0000000016fd0000] [id=976]

VM state:at safepoint (normal execution)

VM Mutex/Monitor currently owned by a thread:  ([mutex/lock_event])
[0x0000000003181d50] Threads_lock - owner thread: 0x0000000013a79000
[0x0000000003183260] Heap_lock - owner thread: 0x0000000003184800

Heap:
 PSYoungGen      total 17920K, used 15360K [0x00000000fec00000, 0x0000000100000000, 0x0000000100000000)
  eden space 15360K, 100% used [0x00000000fec00000,0x00000000ffb00000,0x00000000ffb00000)
  from space 2560K, 0% used [0x00000000ffb00000,0x00000000ffb00000,0x00000000ffd80000)
  to   space 2560K, 0% used [0x00000000ffd80000,0x00000000ffd80000,0x0000000100000000)
 ParOldGen       total 40960K, used 40703K [0x00000000fc400000, 0x00000000fec00000, 0x00000000fec00000)
  object space 40960K, 99% used [0x00000000fc400000,0x00000000febbfda8,0x00000000fec00000)
 Metaspace       used 4817K, capacity 4922K, committed 4992K, reserved 1056768K
  class space    used 529K, capacity 591K, committed 640K, reserved 1048576K

Card table byte_map: [0x0000000012640000,0x0000000012660000] byte_map_base: 0x0000000011e5e000

Marking Bits: (ParMarkBitMap*) 0x00000000528ad850
 Begin Bits: [0x0000000012e80000, 0x0000000012f70000)
 End Bits:   [0x0000000012f70000, 0x0000000013060000)

Polling page: 0x00000000013b0000

CodeCache: size=245760Kb used=1843Kb max_used=1861Kb free=243916Kb
 bounds [0x0000000003280000, 0x00000000034f0000, 0x0000000012280000]
 total_blobs=671 nmethods=382 adapters=202
 compilation: enabled

Compilation events (10 events):
Event: 2.184 Thread 0x0000000015c5e000 nmethod 383 0x0000000003445dd0 code [0x0000000003445f60, 0x0000000003446318]
Event: 2.184 Thread 0x0000000015c5e000  384       3       java.util.HashMap::newNode (13 bytes)
Event: 3.428 Thread 0x0000000015c53000 nmethod 376 0x0000000003451010 code [0x00000000034511a0, 0x0000000003451f28]
Event: 3.644 Thread 0x0000000015c5b000 nmethod 378 0x0000000003452f50 code [0x00000000034530e0, 0x0000000003453ac8]
Event: 3.644 Thread 0x0000000015c53000  379       4       sun.nio.cs.StreamEncoder::implWrite (156 bytes)
Event: 3.888 Thread 0x0000000015c5e000 nmethod 384 0x0000000003445890 code [0x0000000003445a00, 0x0000000003445cb0]
Event: 4.105 Thread 0x0000000015c5e000  385       3       java.util.HashMap::afterNodeInsertion (1 bytes)
Event: 4.105 Thread 0x0000000015c5b000  380   !   4       java.nio.charset.CharsetEncoder::encode (285 bytes)
Event: 4.105 Thread 0x0000000015c54000 nmethod 377 0x000000000344f5d0 code [0x000000000344f760, 0x00000000034500e8]
Event: 4.969 Thread 0x0000000015c5e000 nmethod 385 0x000000000343e490 code [0x000000000343e5e0, 0x000000000343e730]

GC Heap History (10 events):
Event: 9.979 GC heap before
{Heap before GC invocations=40 (full 37):
 PSYoungGen      total 17920K, used 15360K [0x00000000fec00000, 0x0000000100000000, 0x0000000100000000)
  eden space 15360K, 100% used [0x00000000fec00000,0x00000000ffb00000,0x00000000ffb00000)
  from space 2560K, 0% used [0x00000000ffb00000,0x00000000ffb00000,0x00000000ffd80000)
  to   space 2560K, 0% used [0x00000000ffd80000,0x00000000ffd80000,0x0000000100000000)
 ParOldGen       total 40960K, used 40700K [0x00000000fc400000, 0x00000000fec00000, 0x00000000fec00000)
  object space 40960K, 99% used [0x00000000fc400000,0x00000000febbf118,0x00000000fec00000)
 Metaspace       used 4803K, capacity 4922K, committed 4992K, reserved 1056768K
  class space    used 526K, capacity 591K, committed 640K, reserved 1048576K
Event: 10.192 GC heap after
Heap after GC invocations=40 (full 37):
 PSYoungGen      total 17920K, used 15360K [0x00000000fec00000, 0x0000000100000000, 0x0000000100000000)
  eden space 15360K, 100% used [0x00000000fec00000,0x00000000ffb00000,0x00000000ffb00000)
  from space 2560K, 0% used [0x00000000ffb00000,0x00000000ffb00000,0x00000000ffd80000)
  to   space 2560K, 0% used [0x00000000ffd80000,0x00000000ffd80000,0x0000000100000000)
 ParOldGen       total 40960K, used 40699K [0x00000000fc400000, 0x00000000fec00000, 0x00000000fec00000)
  object space 40960K, 99% used [0x00000000fc400000,0x00000000febbedf0,0x00000000fec00000)
 Metaspace       used 4803K, capacity 4922K, committed 4992K, reserved 1056768K
  class space    used 526K, capacity 591K, committed 640K, reserved 1048576K
}
Event: 10.192 GC heap before
{Heap before GC invocations=41 (full 38):
 PSYoungGen      total 17920K, used 15360K [0x00000000fec00000, 0x0000000100000000, 0x0000000100000000)
  eden space 15360K, 100% used [0x00000000fec00000,0x00000000ffb00000,0x00000000ffb00000)
  from space 2560K, 0% used [0x00000000ffb00000,0x00000000ffb00000,0x00000000ffd80000)
  to   space 2560K, 0% used [0x00000000ffd80000,0x00000000ffd80000,0x0000000100000000)
 ParOldGen       total 40960K, used 40701K [0x00000000fc400000, 0x00000000fec00000, 0x00000000fec00000)
  object space 40960K, 99% used [0x00000000fc400000,0x00000000febbf4f8,0x00000000fec00000)
 Metaspace       used 4803K, capacity 4922K, committed 4992K, reserved 1056768K
  class space    used 527K, capacity 591K, committed 640K, reserved 1048576K
Event: 10.407 GC heap after
Heap after GC invocations=41 (full 38):
 PSYoungGen      total 17920K, used 15360K [0x00000000fec00000, 0x0000000100000000, 0x0000000100000000)
  eden space 15360K, 100% used [0x00000000fec00000,0x00000000ffb00000,0x00000000ffb00000)
  from space 2560K, 0% used [0x00000000ffb00000,0x00000000ffb00000,0x00000000ffd80000)
  to   space 2560K, 0% used [0x00000000ffd80000,0x00000000ffd80000,0x0000000100000000)
 ParOldGen       total 40960K, used 40701K [0x00000000fc400000, 0x00000000fec00000, 0x00000000fec00000)
  object space 40960K, 99% used [0x00000000fc400000,0x00000000febbf4c8,0x00000000fec00000)
 Metaspace       used 4803K, capacity 4922K, committed 4992K, reserved 1056768K
  class space    used 527K, capacity 591K, committed 640K, reserved 1048576K
}
Event: 10.407 GC heap before
{Heap before GC invocations=42 (full 39):
 PSYoungGen      total 17920K, used 15360K [0x00000000fec00000, 0x0000000100000000, 0x0000000100000000)
  eden space 15360K, 100% used [0x00000000fec00000,0x00000000ffb00000,0x00000000ffb00000)
  from space 2560K, 0% used [0x00000000ffb00000,0x00000000ffb00000,0x00000000ffd80000)
  to   space 2560K, 0% used [0x00000000ffd80000,0x00000000ffd80000,0x0000000100000000)
 ParOldGen       total 40960K, used 40702K [0x00000000fc400000, 0x00000000fec00000, 0x00000000fec00000)
  object space 40960K, 99% used [0x00000000fc400000,0x00000000febbfbb0,0x00000000fec00000)
 Metaspace       used 4803K, capacity 4922K, committed 4992K, reserved 1056768K
  class space    used 527K, capacity 591K, committed 640K, reserved 1048576K
Event: 10.645 GC heap after
Heap after GC invocations=42 (full 39):
 PSYoungGen      total 17920K, used 15360K [0x00000000fec00000, 0x0000000100000000, 0x0000000100000000)
  eden space 15360K, 100% used [0x00000000fec00000,0x00000000ffb00000,0x00000000ffb00000)
  from space 2560K, 0% used [0x00000000ffb00000,0x00000000ffb00000,0x00000000ffd80000)
  to   space 2560K, 0% used [0x00000000ffd80000,0x00000000ffd80000,0x0000000100000000)
 ParOldGen       total 40960K, used 40702K [0x00000000fc400000, 0x00000000fec00000, 0x00000000fec00000)
  object space 40960K, 99% used [0x00000000fc400000,0x00000000febbfb60,0x00000000fec00000)
 Metaspace       used 4803K, capacity 4922K, committed 4992K, reserved 1056768K
  class space    used 527K, capacity 591K, committed 640K, reserved 1048576K
}
Event: 10.645 GC heap before
{Heap before GC invocations=43 (full 40):
 PSYoungGen      total 17920K, used 15360K [0x00000000fec00000, 0x0000000100000000, 0x0000000100000000)
  eden space 15360K, 100% used [0x00000000fec00000,0x00000000ffb00000,0x00000000ffb00000)
  from space 2560K, 0% used [0x00000000ffb00000,0x00000000ffb00000,0x00000000ffd80000)
  to   space 2560K, 0% used [0x00000000ffd80000,0x00000000ffd80000,0x0000000100000000)
 ParOldGen       total 40960K, used 40704K [0x00000000fc400000, 0x00000000fec00000, 0x00000000fec00000)
  object space 40960K, 99% used [0x00000000fc400000,0x00000000febc0220,0x00000000fec00000)
 Metaspace       used 4803K, capacity 4922K, committed 4992K, reserved 1056768K
  class space    used 527K, capacity 591K, committed 640K, reserved 1048576K
Event: 10.862 GC heap after
Heap after GC invocations=43 (full 40):
 PSYoungGen      total 17920K, used 15360K [0x00000000fec00000, 0x0000000100000000, 0x0000000100000000)
  eden space 15360K, 100% used [0x00000000fec00000,0x00000000ffb00000,0x00000000ffb00000)
  from space 2560K, 0% used [0x00000000ffb00000,0x00000000ffb00000,0x00000000ffd80000)
  to   space 2560K, 0% used [0x00000000ffd80000,0x00000000ffd80000,0x0000000100000000)
 ParOldGen       total 40960K, used 40704K [0x00000000fc400000, 0x00000000fec00000, 0x00000000fec00000)
  object space 40960K, 99% used [0x00000000fc400000,0x00000000febc01f0,0x00000000fec00000)
 Metaspace       used 4803K, capacity 4922K, committed 4992K, reserved 1056768K
  class space    used 527K, capacity 591K, committed 640K, reserved 1048576K
}
Event: 10.869 GC heap before
{Heap before GC invocations=44 (full 41):
 PSYoungGen      total 17920K, used 15360K [0x00000000fec00000, 0x0000000100000000, 0x0000000100000000)
  eden space 15360K, 100% used [0x00000000fec00000,0x00000000ffb00000,0x00000000ffb00000)
  from space 2560K, 0% used [0x00000000ffb00000,0x00000000ffb00000,0x00000000ffd80000)
  to   space 2560K, 0% used [0x00000000ffd80000,0x00000000ffd80000,0x0000000100000000)
 ParOldGen       total 40960K, used 40718K [0x00000000fc400000, 0x00000000fec00000, 0x00000000fec00000)
  object space 40960K, 99% used [0x00000000fc400000,0x00000000febc3858,0x00000000fec00000)
 Metaspace       used 4817K, capacity 4922K, committed 4992K, reserved 1056768K
  class space    used 529K, capacity 591K, committed 640K, reserved 1048576K
Event: 11.087 GC heap after
Heap after GC invocations=44 (full 41):
 PSYoungGen      total 17920K, used 15360K [0x00000000fec00000, 0x0000000100000000, 0x0000000100000000)
  eden space 15360K, 100% used [0x00000000fec00000,0x00000000ffb00000,0x00000000ffb00000)
  from space 2560K, 0% used [0x00000000ffb00000,0x00000000ffb00000,0x00000000ffd80000)
  to   space 2560K, 0% used [0x00000000ffd80000,0x00000000ffd80000,0x0000000100000000)
 ParOldGen       total 40960K, used 40703K [0x00000000fc400000, 0x00000000fec00000, 0x00000000fec00000)
  object space 40960K, 99% used [0x00000000fc400000,0x00000000febbfd78,0x00000000fec00000)
 Metaspace       used 4817K, capacity 4922K, committed 4992K, reserved 1056768K
  class space    used 529K, capacity 591K, committed 640K, reserved 1048576K
}

Deoptimization events (2 events):
Event: 0.798 Thread 0x0000000016934000 Uncommon trap: reason=unstable_if action=reinterpret pc=0x00000000034098e4 method=java.util.concurrent.locks.AbstractQueuedSynchronizer.release(I)Z @ 14
Event: 0.798 Thread 0x0000000016933000 Uncommon trap: reason=unstable_if action=reinterpret pc=0x00000000034098e4 method=java.util.concurrent.locks.AbstractQueuedSynchronizer.release(I)Z @ 14

Internal exceptions (4 events):
Event: 0.043 Thread 0x0000000003184800 Exception <a 'java/lang/NoSuchMethodError': Method sun.misc.Unsafe.defineClass(Ljava/lang/String;[BII)Ljava/lang/Class; name or signature does not match> (0x00000000fec07ca8) thrown at [C:\re\workspace\8-2-build-windows-amd64-cygwin\jdk8u144\9417\hotspot\
Event: 0.043 Thread 0x0000000003184800 Exception <a 'java/lang/NoSuchMethodError': Method sun.misc.Unsafe.prefetchRead(Ljava/lang/Object;J)V name or signature does not match> (0x00000000fec07f90) thrown at [C:\re\workspace\8-2-build-windows-amd64-cygwin\jdk8u144\9417\hotspot\src\share\vm\prims
Event: 0.712 Thread 0x0000000003184800 Exception <a 'java/lang/NoSuchFieldError': method resolution failed> (0x00000000ff036480) thrown at [C:\re\workspace\8-2-build-windows-amd64-cygwin\jdk8u144\9417\hotspot\src\share\vm\prims\methodHandles.cpp, line 1146]
Event: 0.714 Thread 0x0000000003184800 Exception <a 'java/lang/NoSuchFieldError': method resolution failed> (0x00000000ff044350) thrown at [C:\re\workspace\8-2-build-windows-amd64-cygwin\jdk8u144\9417\hotspot\src\share\vm\prims\methodHandles.cpp, line 1146]

Events (10 events):
Event: 10.862 Executing VM operation: ParallelGCFailedAllocation done
Event: 10.862 loading class sun/util/locale/provider/LocaleServiceProviderPool done
Event: 10.862 loading class java/text/spi/BreakIteratorProvider
Event: 10.862 loading class java/text/spi/BreakIteratorProvider done
Event: 10.862 loading class java/text/spi/CollatorProvider
Event: 10.863 loading class java/text/spi/CollatorProvider done
Event: 10.863 loading class java/text/spi/DateFormatProvider
Event: 10.863 Executing VM operation: ParallelGCFailedAllocation
Event: 11.087 Executing VM operation: ParallelGCFailedAllocation done
Event: 11.087 Executing VM operation: HeapDumper


Dynamic libraries:
0x00007ff7ae800000 - 0x00007ff7ae837000 	C:\Java\jdk1.8.0_144\bin\java.exe
0x00007ffafc760000 - 0x00007ffafc950000 	C:\WINDOWS\SYSTEM32\ntdll.dll
0x00007ffafbb90000 - 0x00007ffafbc42000 	C:\WINDOWS\System32\KERNEL32.DLL
0x00007ffaf9bb0000 - 0x00007ffaf9e53000 	C:\WINDOWS\System32\KERNELBASE.dll
0x00007ffafb160000 - 0x00007ffafb203000 	C:\WINDOWS\System32\ADVAPI32.dll
0x00007ffafb5e0000 - 0x00007ffafb67e000 	C:\WINDOWS\System32\msvcrt.dll
0x00007ffafb9a0000 - 0x00007ffafba37000 	C:\WINDOWS\System32\sechost.dll
0x00007ffafc4a0000 - 0x00007ffafc5c0000 	C:\WINDOWS\System32\RPCRT4.dll
0x00007ffafb770000 - 0x00007ffafb904000 	C:\WINDOWS\System32\USER32.dll
0x00007ffafa690000 - 0x00007ffafa6b1000 	C:\WINDOWS\System32\win32u.dll
0x00007ffafc190000 - 0x00007ffafc1b6000 	C:\WINDOWS\System32\GDI32.dll
0x00007ffaf9780000 - 0x00007ffaf9914000 	C:\WINDOWS\System32\gdi32full.dll
0x00007ffaf9ac0000 - 0x00007ffaf9b5e000 	C:\WINDOWS\System32\msvcp_win.dll
0x00007ffaf99c0000 - 0x00007ffaf9aba000 	C:\WINDOWS\System32\ucrtbase.dll
0x00007ffae6790000 - 0x00007ffae6a15000 	C:\WINDOWS\WinSxS\amd64_microsoft.windows.common-controls_6595b64144ccf1df_6.0.18362.778_none_e6c6b761130d4fb8\COMCTL32.dll
0x00007ffafb220000 - 0x00007ffafb556000 	C:\WINDOWS\System32\combase.dll
0x00007ffaf9940000 - 0x00007ffaf99c0000 	C:\WINDOWS\System32\bcryptPrimitives.dll
0x00007ffafc230000 - 0x00007ffafc25e000 	C:\WINDOWS\System32\IMM32.DLL
0x0000000052930000 - 0x0000000052a02000 	C:\Java\jdk1.8.0_144\jre\bin\msvcr100.dll
0x0000000052090000 - 0x000000005292d000 	C:\Java\jdk1.8.0_144\jre\bin\server\jvm.dll
0x00007ffafb210000 - 0x00007ffafb218000 	C:\WINDOWS\System32\PSAPI.DLL
0x00007ffaeb620000 - 0x00007ffaeb62a000 	C:\WINDOWS\SYSTEM32\VERSION.dll
0x00007ffaf50a0000 - 0x00007ffaf50c4000 	C:\WINDOWS\SYSTEM32\WINMM.dll
0x00007ffaf2d10000 - 0x00007ffaf2d19000 	C:\WINDOWS\SYSTEM32\WSOCK32.dll
0x00007ffafc1c0000 - 0x00007ffafc22f000 	C:\WINDOWS\System32\WS2_32.dll
0x00007ffaf4f30000 - 0x00007ffaf4f5d000 	C:\WINDOWS\SYSTEM32\WINMMBASE.dll
0x00007ffaf9b60000 - 0x00007ffaf9baa000 	C:\WINDOWS\System32\cfgmgr32.dll
0x0000000052080000 - 0x000000005208f000 	C:\Java\jdk1.8.0_144\jre\bin\verify.dll
0x0000000052050000 - 0x0000000052079000 	C:\Java\jdk1.8.0_144\jre\bin\java.dll
0x0000000051fb0000 - 0x0000000051fd3000 	C:\Java\jdk1.8.0_144\jre\bin\instrument.dll
0x0000000052030000 - 0x0000000052046000 	C:\Java\jdk1.8.0_144\jre\bin\zip.dll
0x00007ffafa8c0000 - 0x00007ffafafa5000 	C:\WINDOWS\System32\SHELL32.dll
0x00007ffafc390000 - 0x00007ffafc439000 	C:\WINDOWS\System32\shcore.dll
0x00007ffaf9f10000 - 0x00007ffafa690000 	C:\WINDOWS\System32\windows.storage.dll
0x00007ffaf96c0000 - 0x00007ffaf96e3000 	C:\WINDOWS\System32\profapi.dll
0x00007ffaf9670000 - 0x00007ffaf96ba000 	C:\WINDOWS\System32\powrprof.dll
0x00007ffaf9620000 - 0x00007ffaf9630000 	C:\WINDOWS\System32\UMPDC.dll
0x00007ffafc330000 - 0x00007ffafc382000 	C:\WINDOWS\System32\shlwapi.dll
0x00007ffaf9630000 - 0x00007ffaf9641000 	C:\WINDOWS\System32\kernel.appcore.dll
0x00007ffaf9920000 - 0x00007ffaf9937000 	C:\WINDOWS\System32\cryptsp.dll
0x00007ffaf23d0000 - 0x00007ffaf23ea000 	G:\IntelliJIDEA\IntelliJ IDEA 2020.1\bin\breakgen64.dll
0x0000000052010000 - 0x000000005202a000 	C:\Java\jdk1.8.0_144\jre\bin\net.dll
0x00007ffaf8e90000 - 0x00007ffaf8ef7000 	C:\WINDOWS\system32\mswsock.dll
0x00007ffaebd00000 - 0x00007ffaebef4000 	C:\WINDOWS\SYSTEM32\dbghelp.dll

VM Arguments:
jvm_args: -Xms60m -Xmx60m -XX:+HeapDumpOnOutOfMemoryError -XX:HeapDumpPath=G:\IntelliJIDEA\project\JStudy\src\main\java\com\Concurrent\ThreadPool -javaagent:G:\IntelliJIDEA\IntelliJ IDEA 2020.1\lib\idea_rt.jar=61082:G:\IntelliJIDEA\IntelliJ IDEA 2020.1\bin -Dfile.encoding=UTF-8 
java_command: com.Concurrent.ThreadPool.OOMDemo
java_class_path (initial): C:\Java\jdk1.8.0_144\jre\lib\charsets.jar;C:\Java\jdk1.8.0_144\jre\lib\deploy.jar;C:\Java\jdk1.8.0_144\jre\lib\ext\access-bridge-64.jar;C:\Java\jdk1.8.0_144\jre\lib\ext\cldrdata.jar;C:\Java\jdk1.8.0_144\jre\lib\ext\dnsns.jar;C:\Java\jdk1.8.0_144\jre\lib\ext\jaccess.jar;C:\Java\jdk1.8.0_144\jre\lib\ext\jfxrt.jar;C:\Java\jdk1.8.0_144\jre\lib\ext\localedata.jar;C:\Java\jdk1.8.0_144\jre\lib\ext\nashorn.jar;C:\Java\jdk1.8.0_144\jre\lib\ext\sunec.jar;C:\Java\jdk1.8.0_144\jre\lib\ext\sunjce_provider.jar;C:\Java\jdk1.8.0_144\jre\lib\ext\sunmscapi.jar;C:\Java\jdk1.8.0_144\jre\lib\ext\sunpkcs11.jar;C:\Java\jdk1.8.0_144\jre\lib\ext\zipfs.jar;C:\Java\jdk1.8.0_144\jre\lib\javaws.jar;C:\Java\jdk1.8.0_144\jre\lib\jce.jar;C:\Java\jdk1.8.0_144\jre\lib\jfr.jar;C:\Java\jdk1.8.0_144\jre\lib\jfxswt.jar;C:\Java\jdk1.8.0_144\jre\lib\jsse.jar;C:\Java\jdk1.8.0_144\jre\lib\management-agent.jar;C:\Java\jdk1.8.0_144\jre\lib\plugin.jar;C:\Java\jdk1.8.0_144\jre\lib\resources.jar;C:\Java\jdk1.8.0_144\jre\lib\rt.jar;G:\IntelliJIDEA\project\JStudy\target\classes;G:\IntelliJIDEA\tools\maven\repository\org\springframework\boot\spring-boot-starter-web\2.2.5.RELEASE\spring-boot-starter-web-2.2.5.RELEASE.jar;G:\IntelliJIDEA\tools\maven\repository\org\springframework\boot\spring-boot-starter\2.2.5.RELEASE\spring-boot-starter-2.2.5.RELEASE.jar;G:\IntelliJIDEA\tools\maven\repository\org\springframework\boot\spring-boot-starter-logging\2.2.5.RELEASE\spring-boot-starter-logging-2.2.5.RELEASE.jar;G:\IntelliJIDEA\tools\maven\repository\ch\qos\logback\logback-classic\1.2.3\logback-classic-1.2.3.jar;G:\IntelliJIDEA\tools\maven\repository\ch\qos\logback\logback-core\1.2.3\logback-core-1.2.3.jar;G:\IntelliJIDEA\tools\maven\repository\org\apache\logging\log4j\log4j-to-slf4j\2.12.1\log4j-to-slf4j-2.12.1.jar;G:\IntelliJIDEA\tools\maven\repository\org\apache\logging\log4j\log4j-api\2.12.1\log4j-api-2.12.1.jar;G:\IntelliJIDEA\tools\maven\repository\org\slf4j\jul-to-slf4j\1.7.30\jul-to-slf4j
Launcher Type: SUN_STANDARD

Environment Variables:
JAVA_HOME=C:\Java\jdk1.8.0_144
CLASSPATH=.;C:\Java\jdk1.8.0_144\lib\dt.jar;C:\Java\jdk1.8.0_144\lib\tools.jar;G:\Tomcat\apache-tomcat-9.0.1\lib\servlet-api.jar;C:\Program Files (x86)\QuickTime\QTSystem\QTJava.zip
PATH=C:\Java\jdk1.8.0_144\bin;C:\Java\jdk1.8.0_144\jre\bin;C:\Program Files (x86)\Microsoft SQL Server\100\Tools\Binn\;C:\Program Files\Microsoft SQL Server\100\Tools\Binn\;C:\Program Files\Microsoft SQL Server\100\DTS\Binn\;G:\Tomcat\apache-tomcat-9.0.1\bin;C:\WINDOWS\system32;C:\WINDOWS;C:\WINDOWS\System32\Wbem;C:\WINDOWS\System32\WindowsPowerShell\v1.0\;G:MySql\mysql-5.7.21-winx64\bin;C:\Program Files\MySQL\MySQL Utilities 1.6\;C:\WINDOWS\System32\OpenSSH\;%MVN_HOME%\bin;C:\Program Files\NVIDIA Corporation\NVIDIA NvDLISR;G:\NodeJs\;G:\Putty\;G:\WinScp\WinSCP\;G:\HBuilder\HBuilderX\plugins\launcher\tools\adbs;C:\WINDOWS\system32;C:\WINDOWS;C:\WINDOWS\System32\Wbem;C:\WINDOWS\System32\WindowsPowerShell\v1.0\;C:\WINDOWS\System32\OpenSSH\;G:\Git\Git\cmd;C:\Program Files (x86)\NVIDIA Corporation\PhysX\Common;C:\Program Files (x86)\QuickTime\QTSystem\;G:\Python\Scripts\;G:\Python\;C:\Users\¡÷√˙¥œ\AppData\Local\Microsoft\WindowsApps;G:\Eclipse\eclipse\myplugins\apache-maven-3.5.3\bin;G:\wamp64\bin\php\php7.2.4;G:\inno\Inno Setup 5;C:\Users\¡÷√˙¥œ\AppData\Roaming\npm;G:\NodeJs\npm_global;;G:\VSCode\Microsoft VS Code\bin;G:\IntelliJIDEA\IntelliJ IDEA 2020.1\bin;
USERNAME=¡÷√˙¥œ
OS=Windows_NT
PROCESSOR_IDENTIFIER=Intel64 Family 6 Model 158 Stepping 9, GenuineIntel



---------------  S Y S T E M  ---------------

OS: Windows 10.0 , 64 bit Build 18362 (10.0.18362.778)

CPU:total 8 (initial active 8) (4 cores per cpu, 2 threads per core) family 6 model 158 stepping 9, cmov, cx8, fxsr, mmx, sse, sse2, sse3, ssse3, sse4.1, sse4.2, popcnt, avx, avx2, aes, clmul, erms, 3dnowpref, lzcnt, ht, tsc, tscinvbit, bmi1, bmi2, adx

Memory: 4k page, physical 8270792k(2576808k free), swap 13775816k(5441492k free)

vm_info: Java HotSpot(TM) 64-Bit Server VM (25.144-b01) for windows-amd64 JRE (1.8.0_144-b01), built on Jul 21 2017 21:57:33 by "java_re" with MS VC++ 10.0 (VS2010)

time: Sat Apr 25 11:01:38 2020
elapsed time: 11 seconds (0d 0h 0m 11s)

